<?xml version="1.0" encoding="UTF-8"?>
<testsuite name="org.example.firstchapter.UserDaoTest" tests="1" skipped="0" failures="0" errors="0" timestamp="2023-05-14T08:54:36" hostname="DESKTOP-5NCR2PF" time="0.307">
  <properties/>
  <testcase name="sqlExceptione" classname="org.example.firstchapter.UserDaoTest" time="0.307"/>
  <system-out><![CDATA[]]></system-out>
  <system-err><![CDATA[5월 14, 2023 5:54:35 오후 org.springframework.test.context.support.AbstractTestContextBootstrapper getDefaultTestExecutionListenerClassNames
정보: Loaded default TestExecutionListener class names from location [META-INF/spring.factories]: [org.springframework.test.context.web.ServletTestExecutionListener, org.springframework.test.context.support.DirtiesContextBeforeModesTestExecutionListener, org.springframework.test.context.support.DependencyInjectionTestExecutionListener, org.springframework.test.context.support.DirtiesContextTestExecutionListener, org.springframework.test.context.transaction.TransactionalTestExecutionListener, org.springframework.test.context.jdbc.SqlScriptsTestExecutionListener]
5월 14, 2023 5:54:36 오후 org.springframework.test.context.support.AbstractTestContextBootstrapper instantiateListeners
정보: Could not instantiate TestExecutionListener [org.springframework.test.context.web.ServletTestExecutionListener]. Specify custom listener classes or make the default listener classes (and their required dependencies) available. Offending class: [javax/servlet/ServletContext]
5월 14, 2023 5:54:36 오후 org.springframework.test.context.support.AbstractTestContextBootstrapper getTestExecutionListeners
정보: Using TestExecutionListeners: [org.springframework.test.context.support.DirtiesContextBeforeModesTestExecutionListener@1ddf84b8, org.springframework.test.context.support.DependencyInjectionTestExecutionListener@1139b2f3, org.springframework.test.context.support.DirtiesContextTestExecutionListener@7a69b07, org.springframework.test.context.transaction.TransactionalTestExecutionListener@5e82df6a, org.springframework.test.context.jdbc.SqlScriptsTestExecutionListener@3f197a46]
5월 14, 2023 5:54:36 오후 org.springframework.context.support.AbstractApplicationContext prepareRefresh
정보: Refreshing org.springframework.context.support.GenericApplicationContext@5ffead27: startup date [Sun May 14 17:54:36 KST 2023]; root of context hierarchy
5월 14, 2023 5:54:36 오후 org.springframework.jdbc.support.SQLErrorCodesFactory <init>
정보: SQLErrorCodes loaded: [DB2, Derby, H2, HSQL, Informix, MS-SQL, MySQL, Oracle, PostgreSQL, Sybase, Hana]
5월 14, 2023 5:54:36 오후 org.springframework.context.support.AbstractApplicationContext doClose
정보: Closing org.springframework.context.support.GenericApplicationContext@5ffead27: startup date [Sun May 14 17:54:36 KST 2023]; root of context hierarchy
]]></system-err>
</testsuite>
